;;; 
Export: Release 19.0.0.0.0 - Production on Jue Jul 20 19:52:10 2023
Version 19.3.0.0.0

Copyright (c) 1982, 2019, Oracle and/or its affiliates.  All rights reserved.
;;; 
Conectado a: Oracle Database 19c Enterprise Edition Release 19.0.0.0.0 - Production
Iniciando "SYSTEM"."SYS_EXPORT_SCHEMA_01":  System/******** directory=DATA_PUMP_DIR dumpfile=respaldo_07-20-2023_19-52-03-69.dmp logfile=respaldo_07-20-2023_19-52-03-69.log schemas=PROYECTO_FINAL 
Procesando el tipo de objeto SCHEMA_EXPORT/TABLE/TABLE_DATA
Procesando el tipo de objeto SCHEMA_EXPORT/TABLE/INDEX/STATISTICS/INDEX_STATISTICS
Procesando el tipo de objeto SCHEMA_EXPORT/TABLE/STATISTICS/TABLE_STATISTICS
Procesando el tipo de objeto SCHEMA_EXPORT/STATISTICS/MARKER
Procesando el tipo de objeto SCHEMA_EXPORT/DEFAULT_ROLE
Procesando el tipo de objeto SCHEMA_EXPORT/PRE_SCHEMA/PROCACT_SCHEMA
Procesando el tipo de objeto SCHEMA_EXPORT/SEQUENCE/SEQUENCE
Procesando el tipo de objeto SCHEMA_EXPORT/TABLE/TABLE
Procesando el tipo de objeto SCHEMA_EXPORT/TABLE/CONSTRAINT/CONSTRAINT
Procesando el tipo de objeto SCHEMA_EXPORT/TABLE/CONSTRAINT/REF_CONSTRAINT
Procesando el tipo de objeto SCHEMA_EXPORT/TABLE/TRIGGER
. . "PROYECTO_FINAL"."CLIENTES"                 10.19 KB       3 filas exportadas
. . "PROYECTO_FINAL"."CUENTA"                   7.484 KB       3 filas exportadas
. . "PROYECTO_FINAL"."CALLE"                    6.929 KB       3 filas exportadas
. . "PROYECTO_FINAL"."ADMINISTRADOR"              6.5 KB       3 filas exportadas
. . "PROYECTO_FINAL"."CORREGIMIENTO"            6.531 KB      57 filas exportadas
. . "PROYECTO_FINAL"."DISTRITO"                 5.828 KB      19 filas exportadas
. . "PROYECTO_FINAL"."PROVINCIA"                5.632 KB       6 filas exportadas
. . "PROYECTO_FINAL"."TIPO_TRANSACCION"         5.609 KB       4 filas exportadas
. . "PROYECTO_FINAL"."TIPO_CUENTA"              5.585 KB       2 filas exportadas
. . "PROYECTO_FINAL"."TIPO_SERVICIO"            5.570 KB       2 filas exportadas
. . "PROYECTO_FINAL"."TIPO_CLIENTE"             5.570 KB       2 filas exportadas
. . "PROYECTO_FINAL"."ROL_USER"                 5.554 KB       2 filas exportadas
. . "PROYECTO_FINAL"."PAIS"                     5.539 KB       1 filas exportadas
. . "PROYECTO_FINAL"."CALLE_EMPR"                   0 KB       0 filas exportadas
. . "PROYECTO_FINAL"."CUENTA_EMP"                   0 KB       0 filas exportadas
. . "PROYECTO_FINAL"."DEPARTAMENTOS"                0 KB       0 filas exportadas
. . "PROYECTO_FINAL"."DIRECCION_CLI"            6.953 KB       3 filas exportadas
. . "PROYECTO_FINAL"."DIR_EMPRESA"                  0 KB       0 filas exportadas
. . "PROYECTO_FINAL"."EMPLEADOS"                    0 KB       0 filas exportadas
. . "PROYECTO_FINAL"."EMPLEADOS_DEPARTAMENTOS"      0 KB       0 filas exportadas
. . "PROYECTO_FINAL"."EMPRESA"                      0 KB       0 filas exportadas
. . "PROYECTO_FINAL"."INVERSIONES"                  0 KB       0 filas exportadas
. . "PROYECTO_FINAL"."PAGOS_TARJETAS"               0 KB       0 filas exportadas
. . "PROYECTO_FINAL"."PRESTAMOS"                    0 KB       0 filas exportadas
. . "PROYECTO_FINAL"."REPORTES_FINANCIEROS"         0 KB       0 filas exportadas
. . "PROYECTO_FINAL"."SUCURSALES"                   0 KB       0 filas exportadas
. . "PROYECTO_FINAL"."TARJETAS_CREDITO"             0 KB       0 filas exportadas
. . "PROYECTO_FINAL"."TRANSACCIONES"            8.359 KB       2 filas exportadas
La tabla maestra "SYSTEM"."SYS_EXPORT_SCHEMA_01" se ha cargado/descargado correctamente
******************************************************************************
El juego de archivos de volcado para SYSTEM.SYS_EXPORT_SCHEMA_01 es:
  C:\ORACLE\BD_BACKUP\RESPALDO_07-20-2023_19-52-03-69.DMP
El trabajo "SYSTEM"."SYS_EXPORT_SCHEMA_01" ha terminado correctamente en Jue Jul 20 19:55:13 2023 elapsed 0 00:02:37
